[2021-04-01 10:50:12 INFO]: install::setup-logging ended
================
[2021-04-01 10:50:12 INFO]: install::start-up started
[2021-04-01 10:50:12 INFO]: install::start-up build image
[2021-04-01 10:50:12 INFO]: install::start-up running image
[2021-04-01 10:50:12 INFO]: install::start-up ended
================
[2021-04-01 10:59:38 INFO]: install::root-check started
[2021-04-01 10:59:38 INFO]: install::root-check ended
================
[2021-04-01 10:59:38 INFO]: install::docker-check started
[2021-04-01 10:59:38 INFO]: install::docker-check ended
================
[2021-04-01 10:59:38 INFO]: install::docker-compose-check started
[2021-04-01 10:59:38 INFO]: install::docker-compose-check ended
================
[2021-04-01 10:59:38 INFO]: install::tear-down started
[2021-04-01 10:59:38 INFO]: install::tear-down starting services
[2021-04-01 10:59:38 INFO]: install::tear-down ended
================
